<?xml version="1.0" encoding="UTF-8"?>
<!-- Generated by org.testng.reporters.JUnitReportReporter -->
<testsuite skipped="0" hostname="TYERUBAN-L-1260" name="com.dorman.qa.testcases.DormanSearchPageTest" tests="3" failures="0" timestamp="26 Sep 2018 09:49:42 GMT" time="0.031" errors="0">
  <testcase name="searhc" time="0.021" classname="com.dorman.qa.testcases.DormanSearchPageTest"/>
  <testcase name="verifySearchYMMPTResult" time="0.007" classname="com.dorman.qa.testcases.DormanSearchPageTest"/>
  <testcase name="verifySearchYMMKWResult" time="0.003" classname="com.dorman.qa.testcases.DormanSearchPageTest"/>
</testsuite> <!-- com.dorman.qa.testcases.DormanSearchPageTest -->
