<?xml version="1.0" encoding="UTF-8"?>
<!-- Generated by org.testng.reporters.JUnitReportReporter -->
<testsuite skipped="0" hostname="TYERUBAN-L-1260" name="com.dorman.qa.testcases.DormanSearchPageTest" tests="19" failures="0" timestamp="30 Oct 2018 12:07:09 GMT" time="1508.199" errors="0">
  <testcase name="searhc" time="0.032" classname="com.dorman.qa.testcases.DormanSearchPageTest"/>
  <testcase name="verifySearchYMMPTResult" time="37.859" classname="com.dorman.qa.testcases.DormanSearchPageTest"/>
  <testcase name="verifySearchYMMKWResult" time="30.084" classname="com.dorman.qa.testcases.DormanSearchPageTest"/>
  <testcase name="verifySearchOEResult" time="91.561" classname="com.dorman.qa.testcases.DormanSearchPageTest"/>
  <testcase name="verifySearchPTResult" time="40.075" classname="com.dorman.qa.testcases.DormanSearchPageTest"/>
  <testcase name="verifySearchKWResult" time="45.562" classname="com.dorman.qa.testcases.DormanSearchPageTest"/>
  <testcase name="verifySearchPhraseResult" time="97.679" classname="com.dorman.qa.testcases.DormanSearchPageTest"/>
  <testcase name="verifySearchKEYWORDResult" time="80.372" classname="com.dorman.qa.testcases.DormanSearchPageTest"/>
  <testcase name="verifySearchVINResult" time="25.296" classname="com.dorman.qa.testcases.DormanSearchPageTest"/>
  <testcase name="verifyViewDetailsResult" time="105.377" classname="com.dorman.qa.testcases.DormanSearchPageTest"/>
  <testcase name="verifyPINMILESResult" time="182.089" classname="com.dorman.qa.testcases.DormanSearchPageTest"/>
  <testcase name="verifyFullTextSearchResult" time="28.429" classname="com.dorman.qa.testcases.DormanSearchPageTest"/>
  <testcase name="verifyBrokenlinksResult" time="41.302" classname="com.dorman.qa.testcases.DormanSearchPageTest"/>
  <testcase name="verifyNarrowSearchResult" time="178.309" classname="com.dorman.qa.testcases.DormanSearchPageTest"/>
  <testcase name="verifyAdvancedSearchResult" time="93.167" classname="com.dorman.qa.testcases.DormanSearchPageTest"/>
  <testcase name="verifyLoginResult" time="30.791" classname="com.dorman.qa.testcases.DormanSearchPageTest"/>
  <testcase name="verifySavedSearchDeletionResult" time="120.600" classname="com.dorman.qa.testcases.DormanSearchPageTest"/>
  <testcase name="verifyRecentlyviewditemsResult" time="140.422" classname="com.dorman.qa.testcases.DormanSearchPageTest"/>
  <testcase name="verifySpanishSearchResult" time="139.193" classname="com.dorman.qa.testcases.DormanSearchPageTest"/>
</testsuite> <!-- com.dorman.qa.testcases.DormanSearchPageTest -->
