<?xml version="1.0" encoding="UTF-8"?>
<!-- Generated by org.testng.reporters.JUnitReportReporter -->
<testsuite skipped="0" hostname="TYERUBAN-L-1260" name="com.dorman.qa.testcases.Parent4" tests="3" failures="0" timestamp="26 Sep 2018 09:49:42 GMT" time="0.008" errors="0">
  <testcase name="searhc" time="0.002" classname="com.dorman.qa.testcases.Parent4"/>
  <testcase name="verifySpanishSearchResult" time="0.002" classname="com.dorman.qa.testcases.Parent4"/>
  <testcase name="print" time="0.004" classname="com.dorman.qa.testcases.Parent4"/>
</testsuite> <!-- com.dorman.qa.testcases.Parent4 -->
